{
  "stats": {
    "suites": 1,
    "tests": 1,
    "passes": 0,
    "pending": 0,
    "failures": 1,
    "start": "2025-11-09T12:21:07.955Z",
    "end": "2025-11-09T12:21:13.645Z",
    "duration": 5690,
    "testsRegistered": 1,
    "passPercent": 0,
    "pendingPercent": 0,
    "other": 0,
    "hasOther": false,
    "skipped": 0,
    "hasSkipped": false
  },
  "results": [
    {
      "uuid": "928afde7-d87f-4798-8ec3-0994e53dc24b",
      "title": "",
      "fullFile": "specs/fail.cy.js",
      "file": "specs/fail.cy.js",
      "beforeHooks": [],
      "afterHooks": [],
      "tests": [],
      "suites": [
        {
          "uuid": "9162de80-ca11-48ee-b953-9e2d0a81aa17",
          "title": "Example domain fail",
          "fullFile": "",
          "file": "",
          "beforeHooks": [],
          "afterHooks": [],
          "tests": [
            {
              "title": "MM-T003 has title",
              "fullTitle": "Example domain fail MM-T003 has title",
              "timedOut": null,
              "duration": 5654,
              "state": "failed",
              "speed": null,
              "pass": false,
              "fail": true,
              "pending": false,
              "context": null,
              "code": "cy.visit(\"\");\ncy.title().should(\"eq\", \"Not correct title\");",
              "err": {
                "message": "AssertionError: Timed out retrying after 4000ms: expected 'Example Domain' to equal 'Not correct title'",
                "estack": "AssertionError: Timed out retrying after 4000ms: expected 'Example Domain' to equal 'Not correct title'\n    at Context.eval (webpack://cypress/./specs/fail.cy.js:4:15)",
                "diff": "- 'Example Domain'\n+ 'Not correct title'\n"
              },
              "uuid": "c420bbf7-2e8f-4bc8-8490-d48c7a4fe136",
              "parentUUID": "9162de80-ca11-48ee-b953-9e2d0a81aa17",
              "isHook": false,
              "skipped": false
            }
          ],
          "suites": [],
          "passes": [],
          "failures": [
            "c420bbf7-2e8f-4bc8-8490-d48c7a4fe136"
          ],
          "pending": [],
          "skipped": [],
          "duration": 5654,
          "root": false,
          "rootEmpty": false,
          "_timeout": 2000
        }
      ],
      "passes": [],
      "failures": [],
      "pending": [],
      "skipped": [],
      "duration": 0,
      "root": true,
      "rootEmpty": true,
      "_timeout": 2000
    }
  ],
  "meta": {
    "mocha": {
      "version": "7.2.0"
    },
    "mochawesome": {
      "options": {
        "quiet": true,
        "reportFilename": "mochawesome",
        "saveHtml": false,
        "saveJson": true,
        "consoleReporter": "spec",
        "useInlineDiffs": false,
        "code": true
      },
      "version": "7.1.4"
    },
    "marge": {
      "options": {
        "id": "default",
        "reportDir": "results/mochawesome-report",
        "quiet": true,
        "overwrite": false,
        "html": false,
        "json": true
      },
      "version": "6.3.2"
    }
  }
}